2026-06-19T21:28:35.337Z	match-21	JTBC	34min	미국 vs 호주 하이라이트(JTBC)
2026-06-20T00:08:34.058Z	match-15	JTBC	14min	스코틀랜드 vs 모로코 하이라이트(JTBC)
2026-06-20T02:46:20.503Z	match-16	JTBC	21min	브라질 vs 아이티 하이라이트(JTBC)
2026-06-20T05:22:05.621Z	match-22	JTBC	27min	튀르키예 vs파라과이 하이라이트(JTBC)
2026-06-20T19:13:10.566Z	match-33	JTBC	18min	네덜란드 vs 스웨덴 하이라이트(JTBC)
2026-06-20T22:08:09.258Z	match-27	JTBC	13min	독일  vs 코트디부아르 하이라이트(JTBC)
2026-06-21T02:12:40.134Z	match-28	JTBC	18min	에콰도르 vs 퀴라소 하이라이트(JTBC)
2026-06-21T06:04:04.074Z	match-34	JTBC	9min	튀니지 vs 일본 하이라이트(JTBC)
2026-06-21T18:14:45.270Z	match-45	JTBC	20min	스페인 vs 사우디아라비아 하이라이트(JTBC)
2026-06-21T21:09:47.086Z	match-39	JTBC	15min	벨기에 vs 이란 하이라이트(JTBC)
2026-06-22T00:28:00.300Z	match-46	JTBC	33min	우루과이 vs 카보베르데 하이라이트(JTBC)
2026-06-22T03:11:37.869Z	match-40	JTBC	17min	뉴질랜드 vs 이집트 하이라이트(JTBC)
2026-06-22T19:20:49.273Z	match-57	JTBC	26min	아르헨티나 vs 오스트리아 하이라이트(JTBC)
2026-06-23T01:02:15.116Z	match-51	JTBC	127min	프랑스vs이라크 하이라이트(JTBC)
2026-06-23T02:22:45.599Z	match-52	JTBCSPORTS	28min	노르웨이 vs 세네갈 하이라이트(JTBC)
2026-06-23T05:10:10.928Z	match-58	JTBC	15min	요르단 vs 알제리 하이라이트(JTBC)
2026-06-23T19:18:11.520Z	match-63	JTBC	23min	포르투갈 vs 우즈베키스탄 하이라이트(JTBC)
2026-06-23T22:09:33.602Z	match-69	JTBC	15min	잉글랜드 vs 가나 하이라이트(JTBC)
2026-06-24T01:05:32.202Z	match-70	JTBC	11min	파나마 vs 크로아티아 하이라이트(JTBC)
2026-06-24T04:11:43.602Z	match-64	JTBC	17min	콜롬비아 vs 콩고민주공화국 하이라이트(JTBC)
2026-06-24T21:08:07.493Z	match-12	JTBCSPORTS	13min	보스니아 헤르체고비나 vs 카타르 하이라이트(JTBC)
2026-06-24T21:24:03.819Z	match-11	JTBC	29min	스위스 vs 캐나다 하이라이트(JTBC)
